<?xml version="1.0" encoding="UTF-8"?>
<!-- Generated by org.testng.reporters.JUnitXMLReporter -->
<testsuite ignored="3" hostname="CCE1080" failures="0" tests="4" name="Test" time="0.733" errors="0" timestamp="2025-02-13T15:22:44 IST">
  <testcase classname="testCases.BaseClass" name="@BeforeSuite launchBrowser" time="185.676">
    <failure type="org.openqa.selenium.TimeoutException" message="java.util.concurrent.TimeoutException
Build info: version: &amp;apos;4.27.0&amp;apos;, revision: &amp;apos;d6e718d134&amp;apos;
System info: os.name: &amp;apos;Windows 11&amp;apos;, os.arch: &amp;apos;amd64&amp;apos;, os.version: &amp;apos;10.0&amp;apos;, java.version: &amp;apos;23.0.2&amp;apos;
Driver info: org.openqa.selenium.edge.EdgeDriver
Command: [627559e482b35e111da122e60fae8bfb, get {url=https://iam-det-afklm.accelya.io/app/iam/?settings_id=afklm-iam-det&amp;amp;ctx=CRA&amp;amp;isWebApp=true&amp;amp;redirect_uri=https%3A%2F%2Frapidwebcra-det-klm.accelya.io%2FCRA%2F%2Fskycra%2Fui%2Fcargo%2Fmasters%2FCargoFlownStraightThrough.htm}]
Capabilities {acceptInsecureCerts: false, browserName: MicrosoftEdge, browserVersion: 132.0.2957.140, fedcm:accounts: true, ms:edgeOptions: {debuggerAddress: localhost:55812}, msedge: {msedgedriverVersion: 132.0.2957.158 (1b5a01713bb..., userDataDir: C:\Users\PRADNY~1.GUN\AppDa...}, networkConnectionEnabled: false, pageLoadStrategy: normal, platformName: windows, proxy: Proxy(), se:cdp: ws://localhost:55812/devtoo..., se:cdpVersion: 132.0.2957.140, setWindowRect: true, strictFileInteractability: false, timeouts: {implicit: 0, pageLoad: 300000, script: 30000}, unhandledPromptBehavior: dismiss and notify, webauthn:extension:credBlob: true, webauthn:extension:largeBlob: true, webauthn:extension:minPinLength: true, webauthn:extension:prf: true, webauthn:virtualAuthenticators: true}
Session ID: 627559e482b35e111da122e60fae8bfb">
      <![CDATA[org.openqa.selenium.TimeoutException: java.util.concurrent.TimeoutException
Build info: version: '4.27.0', revision: 'd6e718d134'
System info: os.name: 'Windows 11', os.arch: 'amd64', os.version: '10.0', java.version: '23.0.2'
Driver info: org.openqa.selenium.edge.EdgeDriver
Command: [627559e482b35e111da122e60fae8bfb, get {url=https://iam-det-afklm.accelya.io/app/iam/?settings_id=afklm-iam-det&ctx=CRA&isWebApp=true&redirect_uri=https%3A%2F%2Frapidwebcra-det-klm.accelya.io%2FCRA%2F%2Fskycra%2Fui%2Fcargo%2Fmasters%2FCargoFlownStraightThrough.htm}]
Capabilities {acceptInsecureCerts: false, browserName: MicrosoftEdge, browserVersion: 132.0.2957.140, fedcm:accounts: true, ms:edgeOptions: {debuggerAddress: localhost:55812}, msedge: {msedgedriverVersion: 132.0.2957.158 (1b5a01713bb..., userDataDir: C:\Users\PRADNY~1.GUN\AppDa...}, networkConnectionEnabled: false, pageLoadStrategy: normal, platformName: windows, proxy: Proxy(), se:cdp: ws://localhost:55812/devtoo..., se:cdpVersion: 132.0.2957.140, setWindowRect: true, strictFileInteractability: false, timeouts: {implicit: 0, pageLoad: 300000, script: 30000}, unhandledPromptBehavior: dismiss and notify, webauthn:extension:credBlob: true, webauthn:extension:largeBlob: true, webauthn:extension:minPinLength: true, webauthn:extension:prf: true, webauthn:virtualAuthenticators: true}
Session ID: 627559e482b35e111da122e60fae8bfb
at org.openqa.selenium.remote.http.jdk.JdkHttpClient.execute(JdkHttpClient.java:423)
at org.openqa.selenium.remote.HttpCommandExecutor.execute(HttpCommandExecutor.java:187)
at org.openqa.selenium.remote.service.DriverCommandExecutor.invokeExecute(DriverCommandExecutor.java:216)
at org.openqa.selenium.remote.service.DriverCommandExecutor.execute(DriverCommandExecutor.java:174)
at org.openqa.selenium.remote.RemoteWebDriver.execute(RemoteWebDriver.java:545)
at org.openqa.selenium.remote.RemoteWebDriver.get(RemoteWebDriver.java:313)
at testCases.BaseClass.launchUrl(BaseClass.java:72)
at testCases.BaseClass.launchBrowser(BaseClass.java:62)
Caused by: java.util.concurrent.TimeoutException
at java.base/java.util.concurrent.CompletableFuture$Timeout.run(CompletableFuture.java:2964)
at java.base/java.util.concurrent.Executors$RunnableAdapter.call(Executors.java:572)
at java.base/java.util.concurrent.FutureTask.run(FutureTask.java:317)
at java.base/java.util.concurrent.ScheduledThreadPoolExecutor$ScheduledFutureTask.run(ScheduledThreadPoolExecutor.java:304)
at java.base/java.util.concurrent.ThreadPoolExecutor.runWorker(ThreadPoolExecutor.java:1144)
at java.base/java.util.concurrent.ThreadPoolExecutor$Worker.run(ThreadPoolExecutor.java:642)
at java.base/java.lang.Thread.run(Thread.java:1575)
... Removed 17 stack frames]]>
    </failure>
  </testcase> <!-- @BeforeSuite launchBrowser -->
  <testcase classname="testCases.AddAWB" name="addAWB" time="0.0">
    <skipped/>
  </testcase> <!-- addAWB -->
  <testcase classname="testCases.ViewAWB" name="searchAWB" time="0.0">
    <skipped/>
  </testcase> <!-- searchAWB -->
  <testcase classname="testCases.CaptureFlown" name="captureFlown" time="0.0">
    <skipped/>
  </testcase> <!-- captureFlown -->
  <testcase classname="testCases.ViewFlown" name="viewFlown" time="0.0">
    <skipped/>
  </testcase> <!-- viewFlown -->
  <testcase classname="testCases.BaseClass" name="@BeforeSuite launchBrowser" time="0.0">
    <ignored/>
  </testcase> <!-- @BeforeSuite launchBrowser -->
  <testcase classname="testCases.BaseClass" name="@BeforeSuite launchBrowser" time="0.0">
    <ignored/>
  </testcase> <!-- @BeforeSuite launchBrowser -->
  <testcase classname="testCases.BaseClass" name="@BeforeSuite launchBrowser" time="0.0">
    <ignored/>
  </testcase> <!-- @BeforeSuite launchBrowser -->
</testsuite> <!-- Test -->
