<?xml version="1.0" encoding="UTF-8"?>
<testng-results ignored="0" total="1" passed="1" failed="0" skipped="0">
  <reporter-output>
  </reporter-output>
  <suite started-at="2025-02-10T13:22:28 IST" name="Default suite" finished-at="2025-02-10T13:23:43 IST" duration-ms="75001">
    <groups>
    </groups>
    <test started-at="2025-02-10T13:22:28 IST" name="Default test" finished-at="2025-02-10T13:23:43 IST" duration-ms="75001">
      <class name="testCases.ListJobStatus">
        <test-method is-config="true" signature="launchBrowser()[pri:0, instance:testCases.ListJobStatus@5e5d171f]" started-at="2025-02-10T13:22:28 IST" name="launchBrowser" finished-at="2025-02-10T13:22:34 IST" duration-ms="5665" status="PASS">
          <reporter-output>
          </reporter-output>
        </test-method> <!-- launchBrowser -->
        <test-method signature="viewRevenueAccounitngJobStatus()[pri:0, instance:testCases.ListJobStatus@5e5d171f]" started-at="2025-02-10T13:22:34 IST" name="viewRevenueAccounitngJobStatus" finished-at="2025-02-10T13:23:43 IST" duration-ms="69294" status="PASS">
          <reporter-output>
          </reporter-output>
        </test-method> <!-- viewRevenueAccounitngJobStatus -->
      </class> <!-- testCases.ListJobStatus -->
    </test> <!-- Default test -->
  </suite> <!-- Default suite -->
</testng-results>
